{"/home/eyrapor/ProjectFS/my-express-app/src/app.ts": {"path":"/home/eyrapor/ProjectFS/my-express-app/src/app.ts","statementMap":{"0":{"start":{"line":1,"column":0},"end":{"line":1,"column":30}},"1":{"start":{"line":5,"column":12},"end":{"line":5,"column":21}},"2":{"start":{"line":6,"column":13},"end":{"line":6,"column":17}},"3":{"start":{"line":9,"column":0},"end":{"line":9,"column":24}},"4":{"start":{"line":13,"column":12},"end":{"line":16,"column":2}},"5":{"start":{"line":18,"column":0},"end":{"line":33,"column":3}},"6":{"start":{"line":20,"column":20},"end":{"line":20,"column":28}},"7":{"start":{"line":25,"column":18},"end":{"line":25,"column":71}},"8":{"start":{"line":26,"column":4},"end":{"line":26,"column":23}},"9":{"start":{"line":29,"column":4},"end":{"line":29,"column":24}},"10":{"start":{"line":32,"column":4},"end":{"line":32,"column":34}},"11":{"start":{"line":35,"column":0},"end":{"line":38,"column":3}},"12":{"start":{"line":37,"column":4},"end":{"line":37,"column":20}},"13":{"start":{"line":40,"column":0},"end":{"line":55,"column":3}},"14":{"start":{"line":43,"column":19},"end":{"line":43,"column":46}},"15":{"start":{"line":46,"column":17},"end":{"line":46,"column":49}},"16":{"start":{"line":46,"column":33},"end":{"line":46,"column":48}},"17":{"start":{"line":48,"column":4},"end":{"line":51,"column":5}},"18":{"start":{"line":50,"column":6},"end":{"line":50,"column":56}},"19":{"start":{"line":54,"column":4},"end":{"line":54,"column":19}},"20":{"start":{"line":57,"column":0},"end":{"line":75,"column":3}},"21":{"start":{"line":58,"column":19},"end":{"line":58,"column":46}},"22":{"start":{"line":61,"column":24},"end":{"line":61,"column":32}},"23":{"start":{"line":64,"column":18},"end":{"line":64,"column":55}},"24":{"start":{"line":64,"column":39},"end":{"line":64,"column":54}},"25":{"start":{"line":66,"column":4},"end":{"line":68,"column":5}},"26":{"start":{"line":67,"column":6},"end":{"line":67,"column":56}},"27":{"start":{"line":71,"column":4},"end":{"line":71,"column":55}},"28":{"start":{"line":74,"column":4},"end":{"line":74,"column":27}},"29":{"start":{"line":77,"column":0},"end":{"line":89,"column":5}},"30":{"start":{"line":78,"column":19},"end":{"line":78,"column":46}},"31":{"start":{"line":80,"column":18},"end":{"line":80,"column":55}},"32":{"start":{"line":80,"column":39},"end":{"line":80,"column":54}},"33":{"start":{"line":82,"column":4},"end":{"line":84,"column":5}},"34":{"start":{"line":83,"column":4},"end":{"line":83,"column":54}},"35":{"start":{"line":87,"column":24},"end":{"line":87,"column":49}},"36":{"start":{"line":88,"column":4},"end":{"line":88,"column":64}},"37":{"start":{"line":96,"column":0},"end":{"line":98,"column":3}},"38":{"start":{"line":97,"column":2},"end":{"line":97,"column":47}},"39":{"start":{"line":101,"column":0},"end":{"line":103,"column":3}},"40":{"start":{"line":102,"column":2},"end":{"line":102,"column":38}},"41":{"start":{"line":106,"column":0},"end":{"line":109,"column":3}},"42":{"start":{"line":107,"column":15},"end":{"line":107,"column":43}},"43":{"start":{"line":108,"column":2},"end":{"line":108,"column":30}},"44":{"start":{"line":112,"column":0},"end":{"line":119,"column":3}},"45":{"start":{"line":113,"column":23},"end":{"line":113,"column":31}},"46":{"start":{"line":114,"column":2},"end":{"line":114,"column":46}},"47":{"start":{"line":115,"column":2},"end":{"line":118,"column":5}},"48":{"start":{"line":124,"column":0},"end":{"line":127,"column":3}},"49":{"start":{"line":125,"column":4},"end":{"line":125,"column":29}},"50":{"start":{"line":126,"column":4},"end":{"line":126,"column":79}},"51":{"start":{"line":134,"column":0},"end":{"line":134,"column":19}}},"fnMap":{"0":{"name":"(anonymous_1)","decl":{"start":{"line":18,"column":19},"end":{"line":18,"column":20}},"loc":{"start":{"line":18,"column":32},"end":{"line":33,"column":1}}},"1":{"name":"(anonymous_2)","decl":{"start":{"line":35,"column":18},"end":{"line":35,"column":19}},"loc":{"start":{"line":35,"column":31},"end":{"line":38,"column":1}}},"2":{"name":"(anonymous_3)","decl":{"start":{"line":40,"column":22},"end":{"line":40,"column":23}},"loc":{"start":{"line":40,"column":35},"end":{"line":55,"column":1}}},"3":{"name":"(anonymous_4)","decl":{"start":{"line":46,"column":28},"end":{"line":46,"column":29}},"loc":{"start":{"line":46,"column":33},"end":{"line":46,"column":48}}},"4":{"name":"(anonymous_5)","decl":{"start":{"line":57,"column":22},"end":{"line":57,"column":23}},"loc":{"start":{"line":57,"column":35},"end":{"line":75,"column":1}}},"5":{"name":"(anonymous_6)","decl":{"start":{"line":64,"column":34},"end":{"line":64,"column":35}},"loc":{"start":{"line":64,"column":39},"end":{"line":64,"column":54}}},"6":{"name":"(anonymous_7)","decl":{"start":{"line":77,"column":25},"end":{"line":77,"column":26}},"loc":{"start":{"line":77,"column":38},"end":{"line":89,"column":3}}},"7":{"name":"(anonymous_8)","decl":{"start":{"line":80,"column":34},"end":{"line":80,"column":35}},"loc":{"start":{"line":80,"column":39},"end":{"line":80,"column":54}}},"8":{"name":"(anonymous_9)","decl":{"start":{"line":96,"column":13},"end":{"line":96,"column":14}},"loc":{"start":{"line":96,"column":26},"end":{"line":98,"column":1}}},"9":{"name":"(anonymous_10)","decl":{"start":{"line":101,"column":18},"end":{"line":101,"column":19}},"loc":{"start":{"line":101,"column":31},"end":{"line":103,"column":1}}},"10":{"name":"(anonymous_11)","decl":{"start":{"line":106,"column":18},"end":{"line":106,"column":19}},"loc":{"start":{"line":106,"column":31},"end":{"line":109,"column":1}}},"11":{"name":"(anonymous_12)","decl":{"start":{"line":112,"column":20},"end":{"line":112,"column":21}},"loc":{"start":{"line":112,"column":33},"end":{"line":119,"column":1}}},"12":{"name":"(anonymous_13)","decl":{"start":{"line":124,"column":8},"end":{"line":124,"column":9}},"loc":{"start":{"line":124,"column":94},"end":{"line":127,"column":1}}}},"branchMap":{"0":{"loc":{"start":{"line":25,"column":18},"end":{"line":25,"column":71}},"type":"cond-expr","locations":[{"start":{"line":25,"column":37},"end":{"line":25,"column":67}},{"start":{"line":25,"column":70},"end":{"line":25,"column":71}}]},"1":{"loc":{"start":{"line":48,"column":4},"end":{"line":51,"column":5}},"type":"if","locations":[{"start":{"line":48,"column":4},"end":{"line":51,"column":5}}]},"2":{"loc":{"start":{"line":66,"column":4},"end":{"line":68,"column":5}},"type":"if","locations":[{"start":{"line":66,"column":4},"end":{"line":68,"column":5}}]},"3":{"loc":{"start":{"line":82,"column":4},"end":{"line":84,"column":5}},"type":"if","locations":[{"start":{"line":82,"column":4},"end":{"line":84,"column":5}}]},"4":{"loc":{"start":{"line":107,"column":15},"end":{"line":107,"column":43}},"type":"binary-expr","locations":[{"start":{"line":107,"column":15},"end":{"line":107,"column":29}},{"start":{"line":107,"column":33},"end":{"line":107,"column":43}}]},"5":{"loc":{"start":{"line":126,"column":15},"end":{"line":126,"column":32}},"type":"binary-expr","locations":[{"start":{"line":126,"column":15},"end":{"line":126,"column":25}},{"start":{"line":126,"column":29},"end":{"line":126,"column":32}}]},"6":{"loc":{"start":{"line":126,"column":39},"end":{"line":126,"column":77}},"type":"binary-expr","locations":[{"start":{"line":126,"column":39},"end":{"line":126,"column":50}},{"start":{"line":126,"column":54},"end":{"line":126,"column":77}}]}},"s":{"0":1,"1":1,"2":1,"3":1,"4":1,"5":1,"6":1,"7":1,"8":1,"9":1,"10":1,"11":1,"12":1,"13":1,"14":2,"15":2,"16":3,"17":2,"18":1,"19":2,"20":1,"21":1,"22":1,"23":1,"24":1,"25":1,"26":0,"27":1,"28":1,"29":1,"30":1,"31":1,"32":1,"33":1,"34":0,"35":1,"36":1,"37":1,"38":0,"39":1,"40":0,"41":1,"42":0,"43":0,"44":1,"45":0,"46":0,"47":0,"48":1,"49":0,"50":0,"51":1},"f":{"0":1,"1":1,"2":2,"3":3,"4":1,"5":1,"6":1,"7":1,"8":0,"9":0,"10":0,"11":0,"12":0},"b":{"0":[1,0],"1":[1],"2":[0],"3":[0],"4":[0,0],"5":[0,0],"6":[0,0]}}
}
