TN:
SF:src/app.ts
FN:18,(anonymous_1)
FN:35,(anonymous_2)
FN:40,(anonymous_3)
FN:46,(anonymous_4)
FN:57,(anonymous_5)
FN:64,(anonymous_6)
FN:77,(anonymous_7)
FN:80,(anonymous_8)
FN:96,(anonymous_9)
FN:101,(anonymous_10)
FN:106,(anonymous_11)
FN:112,(anonymous_12)
FN:124,(anonymous_13)
FNF:13
FNH:8
FNDA:1,(anonymous_1)
FNDA:1,(anonymous_2)
FNDA:2,(anonymous_3)
FNDA:3,(anonymous_4)
FNDA:1,(anonymous_5)
FNDA:1,(anonymous_6)
FNDA:1,(anonymous_7)
FNDA:1,(anonymous_8)
FNDA:0,(anonymous_9)
FNDA:0,(anonymous_10)
FNDA:0,(anonymous_11)
FNDA:0,(anonymous_12)
FNDA:0,(anonymous_13)
DA:1,1
DA:5,1
DA:6,1
DA:9,1
DA:13,1
DA:18,1
DA:20,1
DA:25,1
DA:26,1
DA:29,1
DA:32,1
DA:35,1
DA:37,1
DA:40,1
DA:43,2
DA:46,3
DA:48,2
DA:50,1
DA:54,2
DA:57,1
DA:58,1
DA:61,1
DA:64,1
DA:66,1
DA:67,0
DA:71,1
DA:74,1
DA:77,1
DA:78,1
DA:80,1
DA:82,1
DA:83,0
DA:87,1
DA:88,1
DA:96,1
DA:97,0
DA:101,1
DA:102,0
DA:106,1
DA:107,0
DA:108,0
DA:112,1
DA:113,0
DA:114,0
DA:115,0
DA:124,1
DA:125,0
DA:126,0
DA:134,1
LF:49
LH:38
BRDA:25,0,0,1
BRDA:25,0,1,0
BRDA:48,1,0,1
BRDA:66,2,0,0
BRDA:82,3,0,0
BRDA:107,4,0,0
BRDA:107,4,1,0
BRDA:126,5,0,0
BRDA:126,5,1,0
BRDA:126,6,0,0
BRDA:126,6,1,0
BRF:11
BRH:2
end_of_record
